  ArbolAVL.cpp
  ArbolB.cpp
C:\Users\ACER\OneDrive - Estudiantes ITCR\Documentos\Ing. Computacion\Quinto Semestre\Estructuras de Datos\TP\TP1B\TP1B\Proyecto1B\ArbolB.cpp(88,22): warning C4477: 'fscanf_s' : format string '%s' requires an argument of type 'unsigned int', but variadic argument 2 has type 'size_t'
C:\Users\ACER\OneDrive - Estudiantes ITCR\Documentos\Ing. Computacion\Quinto Semestre\Estructuras de Datos\TP\TP1B\TP1B\Proyecto1B\ArbolB.cpp(88,22): warning C4477: 'fscanf_s' : format string '%s' requires an argument of type 'unsigned int', but variadic argument 4 has type 'size_t'
C:\Users\ACER\OneDrive - Estudiantes ITCR\Documentos\Ing. Computacion\Quinto Semestre\Estructuras de Datos\TP\TP1B\TP1B\Proyecto1B\ArbolB.cpp(88,22): warning C4477: 'fscanf_s' : format string '%c' requires an argument of type 'unsigned int', but variadic argument 6 has type 'char *'
C:\Users\ACER\OneDrive - Estudiantes ITCR\Documentos\Ing. Computacion\Quinto Semestre\Estructuras de Datos\TP\TP1B\TP1B\Proyecto1B\ArbolB.cpp(88,22): warning C4477: 'fscanf_s' : format string '%s' requires an argument of type 'char *', but variadic argument 7 has type 'size_t'
C:\Users\ACER\OneDrive - Estudiantes ITCR\Documentos\Ing. Computacion\Quinto Semestre\Estructuras de Datos\TP\TP1B\TP1B\Proyecto1B\ArbolB.cpp(88,22): warning C4477: 'fscanf_s' : format string '%s' requires an argument of type 'unsigned int', but variadic argument 8 has type 'char *'
C:\Users\ACER\OneDrive - Estudiantes ITCR\Documentos\Ing. Computacion\Quinto Semestre\Estructuras de Datos\TP\TP1B\TP1B\Proyecto1B\ArbolB.cpp(88,22): warning C4477: 'fscanf_s' : format string '%s' requires an argument of type 'char *', but variadic argument 9 has type 'size_t'
C:\Users\ACER\OneDrive - Estudiantes ITCR\Documentos\Ing. Computacion\Quinto Semestre\Estructuras de Datos\TP\TP1B\TP1B\Proyecto1B\ArbolB.cpp(88,22): warning C4477: 'fscanf_s' : format string '%s' requires an argument of type 'unsigned int', but variadic argument 10 has type 'char *'
C:\Users\ACER\OneDrive - Estudiantes ITCR\Documentos\Ing. Computacion\Quinto Semestre\Estructuras de Datos\TP\TP1B\TP1B\Proyecto1B\ArbolB.cpp(88,22): warning C4477: 'fscanf_s' : format string '%s' requires an argument of type 'char *', but variadic argument 11 has type 'size_t'
C:\Users\ACER\OneDrive - Estudiantes ITCR\Documentos\Ing. Computacion\Quinto Semestre\Estructuras de Datos\TP\TP1B\TP1B\Proyecto1B\ArbolB.cpp(88,22): warning C4477: 'fscanf_s' : format string '%s' requires an argument of type 'unsigned int', but variadic argument 12 has type 'char *'
C:\Users\ACER\OneDrive - Estudiantes ITCR\Documentos\Ing. Computacion\Quinto Semestre\Estructuras de Datos\TP\TP1B\TP1B\Proyecto1B\ArbolB.cpp(88,22): warning C4477: 'fscanf_s' : format string '%s' requires an argument of type 'char *', but variadic argument 13 has type 'size_t'
C:\Users\ACER\OneDrive - Estudiantes ITCR\Documentos\Ing. Computacion\Quinto Semestre\Estructuras de Datos\TP\TP1B\TP1B\Proyecto1B\ArbolB.cpp(88,22): warning C4477: 'fscanf_s' : format string '%s' requires an argument of type 'unsigned int', but variadic argument 14 has type 'char *'
C:\Users\ACER\OneDrive - Estudiantes ITCR\Documentos\Ing. Computacion\Quinto Semestre\Estructuras de Datos\TP\TP1B\TP1B\Proyecto1B\ArbolB.cpp(88,22): warning C4477: 'fscanf_s' : format string '%s' requires an argument of type 'char *', but variadic argument 15 has type 'size_t'
C:\Users\ACER\OneDrive - Estudiantes ITCR\Documentos\Ing. Computacion\Quinto Semestre\Estructuras de Datos\TP\TP1B\TP1B\Proyecto1B\ArbolB.cpp(88,22): warning C4473: 'fscanf_s' : not enough arguments passed for format string
  ArbolBinario.cpp
  ListaDEnlazadaVotantes.cpp
C:\Users\ACER\OneDrive - Estudiantes ITCR\Documentos\Ing. Computacion\Quinto Semestre\Estructuras de Datos\TP\TP1B\TP1B\Proyecto1B\ListaDEnlazadaVotantes.cpp(54,6): error C2182: 'agregarvotante': this use of 'void' is not valid
C:\Users\ACER\OneDrive - Estudiantes ITCR\Documentos\Ing. Computacion\Quinto Semestre\Estructuras de Datos\TP\TP1B\TP1B\Proyecto1B\ListaDEnlazadaVotantes.cpp(54,21): error C2065: 'PtrT_Votante': undeclared identifier
C:\Users\ACER\OneDrive - Estudiantes ITCR\Documentos\Ing. Computacion\Quinto Semestre\Estructuras de Datos\TP\TP1B\TP1B\Proyecto1B\ListaDEnlazadaVotantes.cpp(54,35): error C2065: 'ListaV': undeclared identifier
C:\Users\ACER\OneDrive - Estudiantes ITCR\Documentos\Ing. Computacion\Quinto Semestre\Estructuras de Datos\TP\TP1B\TP1B\Proyecto1B\ListaDEnlazadaVotantes.cpp(54,43): error C2062: type 'char' unexpected
C:\Users\ACER\OneDrive - Estudiantes ITCR\Documentos\Ing. Computacion\Quinto Semestre\Estructuras de Datos\TP\TP1B\TP1B\Proyecto1B\ListaDEnlazadaVotantes.cpp(54,63): error C2143: syntax error: missing ';' before '{'
C:\Users\ACER\OneDrive - Estudiantes ITCR\Documentos\Ing. Computacion\Quinto Semestre\Estructuras de Datos\TP\TP1B\TP1B\Proyecto1B\ListaDEnlazadaVotantes.cpp(54,63): error C2447: '{': missing function header (old-style formal list?)
C:\Users\ACER\OneDrive - Estudiantes ITCR\Documentos\Ing. Computacion\Quinto Semestre\Estructuras de Datos\TP\TP1B\TP1B\Proyecto1B\ListaDEnlazadaVotantes.cpp(73,6): error C2182: 'imprimirvotantes': this use of 'void' is not valid
C:\Users\ACER\OneDrive - Estudiantes ITCR\Documentos\Ing. Computacion\Quinto Semestre\Estructuras de Datos\TP\TP1B\TP1B\Proyecto1B\ListaDEnlazadaVotantes.cpp(73,23): error C2065: 'PtrT_Votante': undeclared identifier
C:\Users\ACER\OneDrive - Estudiantes ITCR\Documentos\Ing. Computacion\Quinto Semestre\Estructuras de Datos\TP\TP1B\TP1B\Proyecto1B\ListaDEnlazadaVotantes.cpp(73,36): error C2146: syntax error: missing ')' before identifier 'ListaV'
C:\Users\ACER\OneDrive - Estudiantes ITCR\Documentos\Ing. Computacion\Quinto Semestre\Estructuras de Datos\TP\TP1B\TP1B\Proyecto1B\ListaDEnlazadaVotantes.cpp(73,44): error C2143: syntax error: missing ';' before '{'
C:\Users\ACER\OneDrive - Estudiantes ITCR\Documentos\Ing. Computacion\Quinto Semestre\Estructuras de Datos\TP\TP1B\TP1B\Proyecto1B\ListaDEnlazadaVotantes.cpp(73,44): error C2447: '{': missing function header (old-style formal list?)
C:\Users\ACER\OneDrive - Estudiantes ITCR\Documentos\Ing. Computacion\Quinto Semestre\Estructuras de Datos\TP\TP1B\TP1B\Proyecto1B\ListaDEnlazadaVotantes.cpp(90,1): error C4430: missing type specifier - int assumed. Note: C++ does not support default-int
C:\Users\ACER\OneDrive - Estudiantes ITCR\Documentos\Ing. Computacion\Quinto Semestre\Estructuras de Datos\TP\TP1B\TP1B\Proyecto1B\ListaDEnlazadaVotantes.cpp(90,14): error C2146: syntax error: missing ';' before identifier 'buscarvotante'
C:\Users\ACER\OneDrive - Estudiantes ITCR\Documentos\Ing. Computacion\Quinto Semestre\Estructuras de Datos\TP\TP1B\TP1B\Proyecto1B\ListaDEnlazadaVotantes.cpp(90,66): error C2143: syntax error: missing ';' before '{'
C:\Users\ACER\OneDrive - Estudiantes ITCR\Documentos\Ing. Computacion\Quinto Semestre\Estructuras de Datos\TP\TP1B\TP1B\Proyecto1B\ListaDEnlazadaVotantes.cpp(90,66): error C2447: '{': missing function header (old-style formal list?)
C:\Users\ACER\OneDrive - Estudiantes ITCR\Documentos\Ing. Computacion\Quinto Semestre\Estructuras de Datos\TP\TP1B\TP1B\Proyecto1B\ListaDEnlazadaVotantes.cpp(102,6): error C2182: 'eliminarvotante': this use of 'void' is not valid
C:\Users\ACER\OneDrive - Estudiantes ITCR\Documentos\Ing. Computacion\Quinto Semestre\Estructuras de Datos\TP\TP1B\TP1B\Proyecto1B\ListaDEnlazadaVotantes.cpp(102,36): error C2065: 'ListaV': undeclared identifier
C:\Users\ACER\OneDrive - Estudiantes ITCR\Documentos\Ing. Computacion\Quinto Semestre\Estructuras de Datos\TP\TP1B\TP1B\Proyecto1B\ListaDEnlazadaVotantes.cpp(102,44): error C2062: type 'char' unexpected
C:\Users\ACER\OneDrive - Estudiantes ITCR\Documentos\Ing. Computacion\Quinto Semestre\Estructuras de Datos\TP\TP1B\TP1B\Proyecto1B\ListaDEnlazadaVotantes.cpp(102,61): error C2143: syntax error: missing ';' before '{'
C:\Users\ACER\OneDrive - Estudiantes ITCR\Documentos\Ing. Computacion\Quinto Semestre\Estructuras de Datos\TP\TP1B\TP1B\Proyecto1B\ListaDEnlazadaVotantes.cpp(102,61): error C2447: '{': missing function header (old-style formal list?)
C:\Users\ACER\OneDrive - Estudiantes ITCR\Documentos\Ing. Computacion\Quinto Semestre\Estructuras de Datos\TP\TP1B\TP1B\Proyecto1B\ListaDEnlazadaVotantes.cpp(122,6): error C2182: 'liberarvotantes': this use of 'void' is not valid
C:\Users\ACER\OneDrive - Estudiantes ITCR\Documentos\Ing. Computacion\Quinto Semestre\Estructuras de Datos\TP\TP1B\TP1B\Proyecto1B\ListaDEnlazadaVotantes.cpp(122,36): error C2065: 'ListaV': undeclared identifier
C:\Users\ACER\OneDrive - Estudiantes ITCR\Documentos\Ing. Computacion\Quinto Semestre\Estructuras de Datos\TP\TP1B\TP1B\Proyecto1B\ListaDEnlazadaVotantes.cpp(122,44): error C2143: syntax error: missing ';' before '{'
C:\Users\ACER\OneDrive - Estudiantes ITCR\Documentos\Ing. Computacion\Quinto Semestre\Estructuras de Datos\TP\TP1B\TP1B\Proyecto1B\ListaDEnlazadaVotantes.cpp(123,2): error C4430: missing type specifier - int assumed. Note: C++ does not support default-int
C:\Users\ACER\OneDrive - Estudiantes ITCR\Documentos\Ing. Computacion\Quinto Semestre\Estructuras de Datos\TP\TP1B\TP1B\Proyecto1B\ListaDEnlazadaVotantes.cpp(123,2): error C2086: 'int PtrT_Votante': redefinition
C:\Users\ACER\OneDrive - Estudiantes ITCR\Documentos\Ing. Computacion\Quinto Semestre\Estructuras de Datos\TP\TP1B\TP1B\Proyecto1B\ListaDEnlazadaVotantes.cpp(123,15): error C2146: syntax error: missing ';' before identifier 'Aux'
C:\Users\ACER\OneDrive - Estudiantes ITCR\Documentos\Ing. Computacion\Quinto Semestre\Estructuras de Datos\TP\TP1B\TP1B\Proyecto1B\ListaDEnlazadaVotantes.cpp(124,2): error C2059: syntax error: 'while'
C:\Users\ACER\OneDrive - Estudiantes ITCR\Documentos\Ing. Computacion\Quinto Semestre\Estructuras de Datos\TP\TP1B\TP1B\Proyecto1B\ListaDEnlazadaVotantes.cpp(124,22): error C2143: syntax error: missing ';' before '{'
C:\Users\ACER\OneDrive - Estudiantes ITCR\Documentos\Ing. Computacion\Quinto Semestre\Estructuras de Datos\TP\TP1B\TP1B\Proyecto1B\ListaDEnlazadaVotantes.cpp(124,22): error C2447: '{': missing function header (old-style formal list?)
C:\Users\ACER\OneDrive - Estudiantes ITCR\Documentos\Ing. Computacion\Quinto Semestre\Estructuras de Datos\TP\TP1B\TP1B\Proyecto1B\ListaDEnlazadaVotantes.cpp(129,7): error C2143: syntax error: missing ';' before '<<'
C:\Users\ACER\OneDrive - Estudiantes ITCR\Documentos\Ing. Computacion\Quinto Semestre\Estructuras de Datos\TP\TP1B\TP1B\Proyecto1B\ListaDEnlazadaVotantes.cpp(129,2): error C4430: missing type specifier - int assumed. Note: C++ does not support default-int
C:\Users\ACER\OneDrive - Estudiantes ITCR\Documentos\Ing. Computacion\Quinto Semestre\Estructuras de Datos\TP\TP1B\TP1B\Proyecto1B\ListaDEnlazadaVotantes.cpp(129,7): error C2059: syntax error: '<<'
C:\Users\ACER\OneDrive - Estudiantes ITCR\Documentos\Ing. Computacion\Quinto Semestre\Estructuras de Datos\TP\TP1B\TP1B\Proyecto1B\ListaDEnlazadaVotantes.cpp(130,2): error C4430: missing type specifier - int assumed. Note: C++ does not support default-int
C:\Users\ACER\OneDrive - Estudiantes ITCR\Documentos\Ing. Computacion\Quinto Semestre\Estructuras de Datos\TP\TP1B\TP1B\Proyecto1B\ListaDEnlazadaVotantes.cpp(130,2): error C2365: 'system': redefinition; previous definition was 'function'
C:\Users\ACER\OneDrive - Estudiantes ITCR\Documentos\Ing. Computacion\Quinto Semestre\Estructuras de Datos\TP\TP1B\TP1B\Proyecto1B\ListaDEnlazadaVotantes.cpp(131,1): error C2059: syntax error: '}'
C:\Users\ACER\OneDrive - Estudiantes ITCR\Documentos\Ing. Computacion\Quinto Semestre\Estructuras de Datos\TP\TP1B\TP1B\Proyecto1B\ListaDEnlazadaVotantes.cpp(131,1): error C2143: syntax error: missing ';' before '}'
C:\Users\ACER\OneDrive - Estudiantes ITCR\Documentos\Ing. Computacion\Quinto Semestre\Estructuras de Datos\TP\TP1B\TP1B\Proyecto1B\ListaDEnlazadaVotantes.cpp(134,48): error C2143: syntax error: missing ';' before '{'
C:\Users\ACER\OneDrive - Estudiantes ITCR\Documentos\Ing. Computacion\Quinto Semestre\Estructuras de Datos\TP\TP1B\TP1B\Proyecto1B\ListaDEnlazadaVotantes.cpp(134,48): error C2447: '{': missing function header (old-style formal list?)
C:\Users\ACER\OneDrive - Estudiantes ITCR\Documentos\Ing. Computacion\Quinto Semestre\Estructuras de Datos\TP\TP1B\TP1B\Proyecto1B\ListaDEnlazadaVotantes.cpp(151,6): error C2182: 'cargarvotantes': this use of 'void' is not valid
C:\Users\ACER\OneDrive - Estudiantes ITCR\Documentos\Ing. Computacion\Quinto Semestre\Estructuras de Datos\TP\TP1B\TP1B\Proyecto1B\ListaDEnlazadaVotantes.cpp(151,35): error C2065: 'ListaV': undeclared identifier
C:\Users\ACER\OneDrive - Estudiantes ITCR\Documentos\Ing. Computacion\Quinto Semestre\Estructuras de Datos\TP\TP1B\TP1B\Proyecto1B\ListaDEnlazadaVotantes.cpp(151,43): error C2143: syntax error: missing ';' before '{'
C:\Users\ACER\OneDrive - Estudiantes ITCR\Documentos\Ing. Computacion\Quinto Semestre\Estructuras de Datos\TP\TP1B\TP1B\Proyecto1B\ListaDEnlazadaVotantes.cpp(154,2): error C2059: syntax error: 'if'
C:\Users\ACER\OneDrive - Estudiantes ITCR\Documentos\Ing. Computacion\Quinto Semestre\Estructuras de Datos\TP\TP1B\TP1B\Proyecto1B\ListaDEnlazadaVotantes.cpp(154,16): error C2143: syntax error: missing ';' before '{'
C:\Users\ACER\OneDrive - Estudiantes ITCR\Documentos\Ing. Computacion\Quinto Semestre\Estructuras de Datos\TP\TP1B\TP1B\Proyecto1B\ListaDEnlazadaVotantes.cpp(154,16): error C2447: '{': missing function header (old-style formal list?)
C:\Users\ACER\OneDrive - Estudiantes ITCR\Documentos\Ing. Computacion\Quinto Semestre\Estructuras de Datos\TP\TP1B\TP1B\Proyecto1B\ListaDEnlazadaVotantes.cpp(157,2): error C2059: syntax error: 'else'
C:\Users\ACER\OneDrive - Estudiantes ITCR\Documentos\Ing. Computacion\Quinto Semestre\Estructuras de Datos\TP\TP1B\TP1B\Proyecto1B\ListaDEnlazadaVotantes.cpp(157,7): error C2143: syntax error: missing ';' before '{'
C:\Users\ACER\OneDrive - Estudiantes ITCR\Documentos\Ing. Computacion\Quinto Semestre\Estructuras de Datos\TP\TP1B\TP1B\Proyecto1B\ListaDEnlazadaVotantes.cpp(157,7): error C2447: '{': missing function header (old-style formal list?)
C:\Users\ACER\OneDrive - Estudiantes ITCR\Documentos\Ing. Computacion\Quinto Semestre\Estructuras de Datos\TP\TP1B\TP1B\Proyecto1B\ListaDEnlazadaVotantes.cpp(165,1): error C2059: syntax error: '}'
C:\Users\ACER\OneDrive - Estudiantes ITCR\Documentos\Ing. Computacion\Quinto Semestre\Estructuras de Datos\TP\TP1B\TP1B\Proyecto1B\ListaDEnlazadaVotantes.cpp(165,1): error C2143: syntax error: missing ';' before '}'
  listaEnlazada.cpp
  ListaSimpleVotantes.cpp
C:\Users\ACER\OneDrive - Estudiantes ITCR\Documentos\Ing. Computacion\Quinto Semestre\Estructuras de Datos\TP\TP1B\TP1B\Proyecto1B\ListaSimpleVotantes.cpp(134,5): error C4996: 'strcpy': This function or variable may be unsafe. Consider using strcpy_s instead. To disable deprecation, use _CRT_SECURE_NO_WARNINGS. See online help for details.
C:\Users\ACER\OneDrive - Estudiantes ITCR\Documentos\Ing. Computacion\Quinto Semestre\Estructuras de Datos\TP\TP1B\TP1B\Proyecto1B\ListaSimpleVotantes.cpp(135,5): error C4996: 'strcpy': This function or variable may be unsafe. Consider using strcpy_s instead. To disable deprecation, use _CRT_SECURE_NO_WARNINGS. See online help for details.
C:\Users\ACER\OneDrive - Estudiantes ITCR\Documentos\Ing. Computacion\Quinto Semestre\Estructuras de Datos\TP\TP1B\TP1B\Proyecto1B\ListaSimpleVotantes.cpp(136,5): error C4996: 'strcpy': This function or variable may be unsafe. Consider using strcpy_s instead. To disable deprecation, use _CRT_SECURE_NO_WARNINGS. See online help for details.
  main.cpp
C:\Users\ACER\OneDrive - Estudiantes ITCR\Documentos\Ing. Computacion\Quinto Semestre\Estructuras de Datos\TP\TP1B\TP1B\Proyecto1B\listaSimpleVotantes.cpp(134,5): error C4996: 'strcpy': This function or variable may be unsafe. Consider using strcpy_s instead. To disable deprecation, use _CRT_SECURE_NO_WARNINGS. See online help for details.
C:\Users\ACER\OneDrive - Estudiantes ITCR\Documentos\Ing. Computacion\Quinto Semestre\Estructuras de Datos\TP\TP1B\TP1B\Proyecto1B\listaSimpleVotantes.cpp(135,5): error C4996: 'strcpy': This function or variable may be unsafe. Consider using strcpy_s instead. To disable deprecation, use _CRT_SECURE_NO_WARNINGS. See online help for details.
C:\Users\ACER\OneDrive - Estudiantes ITCR\Documentos\Ing. Computacion\Quinto Semestre\Estructuras de Datos\TP\TP1B\TP1B\Proyecto1B\listaSimpleVotantes.cpp(136,5): error C4996: 'strcpy': This function or variable may be unsafe. Consider using strcpy_s instead. To disable deprecation, use _CRT_SECURE_NO_WARNINGS. See online help for details.
C:\Users\ACER\OneDrive - Estudiantes ITCR\Documentos\Ing. Computacion\Quinto Semestre\Estructuras de Datos\TP\TP1B\TP1B\Proyecto1B\main.cpp(5,6): warning C4326: return type of 'main' should be 'int' instead of 'void'
C:\Users\ACER\OneDrive - Estudiantes ITCR\Documentos\Ing. Computacion\Quinto Semestre\Estructuras de Datos\TP\TP1B\TP1B\Proyecto1B\main.cpp(8,2): error C2065: 'PtrT_VotanteDoble': undeclared identifier
C:\Users\ACER\OneDrive - Estudiantes ITCR\Documentos\Ing. Computacion\Quinto Semestre\Estructuras de Datos\TP\TP1B\TP1B\Proyecto1B\main.cpp(8,20): error C2146: syntax error: missing ';' before identifier 'ListaVotantes'
C:\Users\ACER\OneDrive - Estudiantes ITCR\Documentos\Ing. Computacion\Quinto Semestre\Estructuras de Datos\TP\TP1B\TP1B\Proyecto1B\main.cpp(8,20): error C2065: 'ListaVotantes': undeclared identifier
C:\Users\ACER\OneDrive - Estudiantes ITCR\Documentos\Ing. Computacion\Quinto Semestre\Estructuras de Datos\TP\TP1B\TP1B\Proyecto1B\main.cpp(9,2): error C3861: 'cargarVotantes': identifier not found
C:\Users\ACER\OneDrive - Estudiantes ITCR\Documentos\Ing. Computacion\Quinto Semestre\Estructuras de Datos\TP\TP1B\TP1B\Proyecto1B\main.cpp(11,18): error C2065: 'ListaVotantes': undeclared identifier
C:\Users\ACER\OneDrive - Estudiantes ITCR\Documentos\Ing. Computacion\Quinto Semestre\Estructuras de Datos\TP\TP1B\TP1B\Proyecto1B\main.cpp(13,18): error C2065: 'ListaVotantes': undeclared identifier
C:\Users\ACER\OneDrive - Estudiantes ITCR\Documentos\Ing. Computacion\Quinto Semestre\Estructuras de Datos\TP\TP1B\TP1B\Proyecto1B\main.cpp(13,2): error C3861: 'mostrarVotantes': identifier not found
C:\Users\ACER\OneDrive - Estudiantes ITCR\Documentos\Ing. Computacion\Quinto Semestre\Estructuras de Datos\TP\TP1B\TP1B\Proyecto1B\main.cpp(15,18): error C2065: 'ListaVotantes': undeclared identifier
C:\Users\ACER\OneDrive - Estudiantes ITCR\Documentos\Ing. Computacion\Quinto Semestre\Estructuras de Datos\TP\TP1B\TP1B\Proyecto1B\main.cpp(15,2): error C3861: 'LiberarVotantes': identifier not found
  Generating Code...
